{"numTotalTestSuites":19,"numPassedTestSuites":17,"numFailedTestSuites":2,"numPendingTestSuites":0,"numTotalTests":48,"numPassedTests":47,"numFailedTests":1,"numPendingTests":0,"numTodoTests":0,"snapshot":{"added":0,"failure":false,"filesAdded":0,"filesRemoved":0,"filesRemovedList":[],"filesUnmatched":0,"filesUpdated":0,"matched":0,"total":0,"unchecked":0,"uncheckedKeysByFile":[],"unmatched":0,"updated":0,"didUpdate":false},"startTime":1777047141281,"success":false,"testResults":[{"assertionResults":[{"ancestorTitles":["Phase 94 — freePreviewEmailCron: status allow-list"],"fullName":"Phase 94 — freePreviewEmailCron: status allow-list exports FREE_PREVIEW_ELIGIBLE_STATUSES as a const assertion","status":"passed","title":"exports FREE_PREVIEW_ELIGIBLE_STATUSES as a const assertion","duration":17.02890000000002,"failureMessages":[],"meta":{},"tags":[]},{"ancestorTitles":["Phase 94 — freePreviewEmailCron: status allow-list"],"fullName":"Phase 94 — freePreviewEmailCron: status allow-list includes all pre-review statuses: pipeline, 24h hold, upsell funnel, legacy, and failure","status":"passed","title":"includes all pre-review statuses: pipeline, 24h hold, upsell funnel, legacy, and failure","duration":5.274899999999889,"failureMessages":[],"meta":{},"tags":[]},{"ancestorTitles":["Phase 94 — freePreviewEmailCron: status allow-list"],"fullName":"Phase 94 — freePreviewEmailCron: status allow-list imports inArray from drizzle-orm","status":"passed","title":"imports inArray from drizzle-orm","duration":1.3005000000000564,"failureMessages":[],"meta":{},"tags":[]},{"ancestorTitles":["Phase 94 — dispatchFreePreviewIfReady: status filter"],"fullName":"Phase 94 — dispatchFreePreviewIfReady: status filter uses inArray(letterRequests.status, FREE_PREVIEW_ELIGIBLE_STATUSES) in claim","status":"passed","title":"uses inArray(letterRequests.status, FREE_PREVIEW_ELIGIBLE_STATUSES) in claim","duration":1.9441999999999098,"failureMessages":[],"meta":{},"tags":[]},{"ancestorTitles":["Phase 94 — processFreePreviewEmails: status filter"],"fullName":"Phase 94 — processFreePreviewEmails: status filter the polling cron eligibility query includes the status filter","status":"passed","title":"the polling cron eligibility query includes the status filter","duration":1.3910000000000764,"failureMessages":[],"meta":{},"tags":[]},{"ancestorTitles":["Phase 94 — forceFreePreviewUnlock: status guard"],"fullName":"Phase 94 — forceFreePreviewUnlock: status guard imports FREE_PREVIEW_ELIGIBLE_STATUSES from freePreviewEmailCron","status":"passed","title":"imports FREE_PREVIEW_ELIGIBLE_STATUSES from freePreviewEmailCron","duration":1.0575000000001182,"failureMessages":[],"meta":{},"tags":[]},{"ancestorTitles":["Phase 94 — forceFreePreviewUnlock: status guard"],"fullName":"Phase 94 — forceFreePreviewUnlock: status guard rejects force-unlock with BAD_REQUEST when status is out of band","status":"passed","title":"rejects force-unlock with BAD_REQUEST when status is out of band","duration":14.216599999999971,"failureMessages":[],"meta":{},"tags":[]},{"ancestorTitles":["Phase 94 — forceFreePreviewUnlock: status guard"],"fullName":"Phase 94 — forceFreePreviewUnlock: status guard preserves the existing isFreePreview guard before the status guard","status":"passed","title":"preserves the existing isFreePreview guard before the status guard","duration":0.8392999999998665,"failureMessages":[],"meta":{},"tags":[]},{"ancestorTitles":["Phase 94 — vetting.ts: skip letter-ready email for free-preview"],"fullName":"Phase 94 — vetting.ts: skip letter-ready email for free-preview guards sendLetterReadyEmail on !letterForPaywall.isFreePreview","status":"passed","title":"guards sendLetterReadyEmail on !letterForPaywall.isFreePreview","duration":14.192201000000068,"failureMessages":[],"meta":{},"tags":[]},{"ancestorTitles":["Phase 94 — vetting.ts: skip letter-ready email for free-preview"],"fullName":"Phase 94 — vetting.ts: skip letter-ready email for free-preview logs an info message when skipping the email","status":"passed","title":"logs an info message when skipping the email","duration":1.231800000000021,"failureMessages":[],"meta":{},"tags":[]},{"ancestorTitles":["Phase 94 — fallback.ts: skip letter-ready email for free-preview"],"fullName":"Phase 94 — fallback.ts: skip letter-ready email for free-preview guards sendLetterReadyEmail on !letterRecord.isFreePreview","status":"passed","title":"guards sendLetterReadyEmail on !letterRecord.isFreePreview","duration":1.165899999999965,"failureMessages":[],"meta":{},"tags":[]},{"ancestorTitles":["Phase 94 — fallback.ts: skip letter-ready email for free-preview"],"fullName":"Phase 94 — fallback.ts: skip letter-ready email for free-preview logs an info message when skipping the email","status":"passed","title":"logs an info message when skipping the email","duration":12.228700000000117,"failureMessages":[],"meta":{},"tags":[]},{"ancestorTitles":["Phase 94 — paywallEmailCron: exclude free-preview letters"],"fullName":"Phase 94 — paywallEmailCron: exclude free-preview letters eligibility query filters on isFreePreview = false","status":"passed","title":"eligibility query filters on isFreePreview = false","duration":1.1765000000000327,"failureMessages":[],"meta":{},"tags":[]},{"ancestorTitles":["Phase 94 — paywallEmailCron: exclude free-preview letters"],"fullName":"Phase 94 — paywallEmailCron: exclude free-preview letters explanatory comment mentions free-preview ownership","status":"passed","title":"explanatory comment mentions free-preview ownership","duration":0.9599000000000615,"failureMessages":[],"meta":{},"tags":[]},{"ancestorTitles":["Phase 94 — test-suite sanity"],"fullName":"Phase 94 — test-suite sanity all referenced server files exist","status":"passed","title":"all referenced server files exist","duration":1.9500000000000455,"failureMessages":[],"meta":{},"tags":[]}],"startTime":1777047142636,"endTime":1777047142728.95,"status":"passed","message":"","name":"/workspaces/ttml-app/server/phase94-free-preview-guards.test.ts"},{"assertionResults":[{"ancestorTitles":["Phase 95 — getLetterVersionsByRequestId: pre-unlock content gate"],"fullName":"Phase 95 — getLetterVersionsByRequestId: pre-unlock content gate declares the new isFreePreview parameter on getLetterVersionsByRequestId","status":"passed","title":"declares the new isFreePreview parameter on getLetterVersionsByRequestId","duration":16.569999999999936,"failureMessages":[],"meta":{},"tags":[]},{"ancestorTitles":["Phase 95 — getLetterVersionsByRequestId: pre-unlock content gate"],"fullName":"Phase 95 — getLetterVersionsByRequestId: pre-unlock content gate returns empty content + freePreviewWaiting:true inside the generated_locked branch when isFreePreview && !freePreviewUnlocked","status":"passed","title":"returns empty content + freePreviewWaiting:true inside the generated_locked branch when isFreePreview && !freePreviewUnlocked","duration":6.772699999999986,"failureMessages":[],"meta":{},"tags":[]},{"ancestorTitles":["Phase 95 — getLetterVersionsByRequestId: pre-unlock content gate"],"fullName":"Phase 95 — getLetterVersionsByRequestId: pre-unlock content gate preserves the existing freePreviewUnlocked branch (full draft + freePreview:true)","status":"passed","title":"preserves the existing freePreviewUnlocked branch (full draft + freePreview:true)","duration":5.727399999999989,"failureMessages":[],"meta":{},"tags":[]},{"ancestorTitles":["Phase 95 — getLetterVersionsByRequestId: pre-unlock content gate"],"fullName":"Phase 95 — getLetterVersionsByRequestId: pre-unlock content gate preserves the standard 20% truncation fallback for non-free-preview","status":"passed","title":"preserves the standard 20% truncation fallback for non-free-preview","duration":1.9821000000001732,"failureMessages":[],"meta":{},"tags":[]},{"ancestorTitles":["Phase 95 — getLetterVersionsByRequestId: pre-unlock content gate"],"fullName":"Phase 95 — getLetterVersionsByRequestId: pre-unlock content gate orders the branches so the pre-unlock free-preview gate runs BEFORE the truncation fallback","status":"passed","title":"orders the branches so the pre-unlock free-preview gate runs BEFORE the truncation fallback","duration":2.25669999999991,"failureMessages":[],"meta":{},"tags":[]},{"ancestorTitles":["Phase 95 — subscriber.detail wires isFreePreview into the DAL"],"fullName":"Phase 95 — subscriber.detail wires isFreePreview into the DAL passes letter.isFreePreview === true as the 5th argument","status":"passed","title":"passes letter.isFreePreview === true as the 5th argument","duration":1.8258010000001832,"failureMessages":[],"meta":{},"tags":[]},{"ancestorTitles":["Phase 95 — versions.get mirrors the pre-unlock gate"],"fullName":"Phase 95 — versions.get mirrors the pre-unlock gate returns empty content + freePreviewWaiting:true for pre-unlock free-preview","status":"passed","title":"returns empty content + freePreviewWaiting:true for pre-unlock free-preview","duration":11.128799999999956,"failureMessages":[],"meta":{},"tags":[]},{"ancestorTitles":["Phase 95 — versions.get mirrors the pre-unlock gate"],"fullName":"Phase 95 — versions.get mirrors the pre-unlock gate orders the gate BEFORE the inline 20% truncation slice","status":"passed","title":"orders the gate BEFORE the inline 20% truncation slice","duration":1.7537999999999556,"failureMessages":[],"meta":{},"tags":[]},{"ancestorTitles":["Phase 95 — draftPdfRoute blocks free-preview PDF pre-review"],"fullName":"Phase 95 — draftPdfRoute blocks free-preview PDF pre-review declares the pre-review free-preview status allow-list","status":"passed","title":"declares the pre-review free-preview status allow-list","duration":13.445699999999988,"failureMessages":[],"meta":{},"tags":[]},{"ancestorTitles":["Phase 95 — draftPdfRoute blocks free-preview PDF pre-review"],"fullName":"Phase 95 — draftPdfRoute blocks free-preview PDF pre-review blocks free-preview PDFs before attorney-review statuses","status":"passed","title":"blocks free-preview PDFs before attorney-review statuses","duration":1.5825999999999567,"failureMessages":[],"meta":{},"tags":[]},{"ancestorTitles":["Phase 95 — draftPdfRoute blocks free-preview PDF pre-review"],"fullName":"Phase 95 — draftPdfRoute blocks free-preview PDF pre-review uses isFreePreviewUnlocked helper as defense-in-depth","status":"passed","title":"uses isFreePreviewUnlocked helper as defense-in-depth","duration":6.9913000000001375,"failureMessages":[],"meta":{},"tags":[]},{"ancestorTitles":["Phase 95 — draftPdfRoute blocks free-preview PDF pre-review"],"fullName":"Phase 95 — draftPdfRoute blocks free-preview PDF pre-review places free-preview gates AFTER status allow-list and BEFORE version fetch","status":"passed","title":"places free-preview gates AFTER status allow-list and BEFORE version fetch","duration":3.7917999999999665,"failureMessages":[],"meta":{},"tags":[]},{"ancestorTitles":["Phase 95 — LetterDetail renders FreePreviewWaiting outside isGeneratedLocked"],"fullName":"Phase 95 — LetterDetail renders FreePreviewWaiting outside isGeneratedLocked imports the new FreePreviewWaiting component","status":"passed","title":"imports the new FreePreviewWaiting component","duration":2.1084999999998217,"failureMessages":[],"meta":{},"tags":[]},{"ancestorTitles":["Phase 95 — LetterDetail renders FreePreviewWaiting outside isGeneratedLocked"],"fullName":"Phase 95 — LetterDetail renders FreePreviewWaiting outside isGeneratedLocked renders FreePreviewWaiting when free-preview AND not yet unlocked","status":"failed","title":"renders FreePreviewWaiting when free-preview AND not yet unlocked","duration":148.98020400000019,"failureMessages":["AssertionError: expected 'import AppLayout from \"@/components/s…' to match /letter\\.isFreePreview\\s*===\\s*true\\s*…/\n    at /workspaces/ttml-app/server/phase95-free-preview-waiting.test.ts:163:20\n    at file:///workspaces/ttml-app/node_modules/.pnpm/@vitest+runner@4.1.0/node_modules/@vitest/runner/dist/index.js:296:11\n    at file:///workspaces/ttml-app/node_modules/.pnpm/@vitest+runner@4.1.0/node_modules/@vitest/runner/dist/index.js:1258:26\n    at file:///workspaces/ttml-app/node_modules/.pnpm/@vitest+runner@4.1.0/node_modules/@vitest/runner/dist/index.js:1681:20\n    at new Promise (<anonymous>)\n    at runWithCancel (file:///workspaces/ttml-app/node_modules/.pnpm/@vitest+runner@4.1.0/node_modules/@vitest/runner/dist/index.js:1678:10)\n    at file:///workspaces/ttml-app/node_modules/.pnpm/@vitest+runner@4.1.0/node_modules/@vitest/runner/dist/index.js:1660:20\n    at new Promise (<anonymous>)\n    at runWithTimeout (file:///workspaces/ttml-app/node_modules/.pnpm/@vitest+runner@4.1.0/node_modules/@vitest/runner/dist/index.js:1627:10)\n    at file:///workspaces/ttml-app/node_modules/.pnpm/@vitest+runner@4.1.0/node_modules/@vitest/runner/dist/index.js:2309:64"],"meta":{},"tags":[]},{"ancestorTitles":["Phase 95 — LetterDetail renders FreePreviewWaiting outside isGeneratedLocked"],"fullName":"Phase 95 — LetterDetail renders FreePreviewWaiting outside isGeneratedLocked renders FreePreviewWaiting without unlockAt prop","status":"passed","title":"renders FreePreviewWaiting without unlockAt prop","duration":1.4243999999998778,"failureMessages":[],"meta":{},"tags":[]},{"ancestorTitles":["Phase 95 — LetterDetail renders FreePreviewWaiting outside isGeneratedLocked"],"fullName":"Phase 95 — LetterDetail renders FreePreviewWaiting outside isGeneratedLocked forwards __isFreePreview to LetterPaywall as a defensive guard","status":"passed","title":"forwards __isFreePreview to LetterPaywall as a defensive guard","duration":0.6790999999998348,"failureMessages":[],"meta":{},"tags":[]},{"ancestorTitles":["Phase 95 — LetterPaywall defensive __isFreePreview guard"],"fullName":"Phase 95 — LetterPaywall defensive __isFreePreview guard declares the __isFreePreview prop","status":"passed","title":"declares the __isFreePreview prop","duration":2.1405999999999494,"failureMessages":[],"meta":{},"tags":[]},{"ancestorTitles":["Phase 95 — LetterPaywall defensive __isFreePreview guard"],"fullName":"Phase 95 — LetterPaywall defensive __isFreePreview guard destructures __isFreePreview and returns null when truthy","status":"passed","title":"destructures __isFreePreview and returns null when truthy","duration":1.6102999999998246,"failureMessages":[],"meta":{},"tags":[]},{"ancestorTitles":["Phase 95 — LetterPaywall defensive __isFreePreview guard"],"fullName":"Phase 95 — LetterPaywall defensive __isFreePreview guard places the guard AFTER hook calls (rules-of-hooks compliant)","status":"passed","title":"places the guard AFTER hook calls (rules-of-hooks compliant)","duration":7.005799999999908,"failureMessages":[],"meta":{},"tags":[]},{"ancestorTitles":["Phase 95 — FreePreviewWaiting component"],"fullName":"Phase 95 — FreePreviewWaiting component file exists at client/src/components/FreePreviewWaiting.tsx","status":"passed","title":"file exists at client/src/components/FreePreviewWaiting.tsx","duration":1.0601999999998952,"failureMessages":[],"meta":{},"tags":[]},{"ancestorTitles":["Phase 95 — FreePreviewWaiting component"],"fullName":"Phase 95 — FreePreviewWaiting component exports a named function FreePreviewWaiting","status":"passed","title":"exports a named function FreePreviewWaiting","duration":0.7590999999999894,"failureMessages":[],"meta":{},"tags":[]},{"ancestorTitles":["Phase 95 — FreePreviewWaiting component"],"fullName":"Phase 95 — FreePreviewWaiting component accepts subject prop","status":"passed","title":"accepts subject prop","duration":0.8248999999998432,"failureMessages":[],"meta":{},"tags":[]},{"ancestorTitles":["Phase 95 — FreePreviewWaiting component"],"fullName":"Phase 95 — FreePreviewWaiting component uses data-testid=\"free-preview-waiting\"","status":"passed","title":"uses data-testid=\"free-preview-waiting\"","duration":0.8217999999999392,"failureMessages":[],"meta":{},"tags":[]},{"ancestorTitles":["Phase 95 — FreePreviewWaiting component"],"fullName":"Phase 95 — FreePreviewWaiting component does not include countdown logic","status":"passed","title":"does not include countdown logic","duration":0.9465000000000146,"failureMessages":[],"meta":{},"tags":[]},{"ancestorTitles":["Phase 95 — FreePreviewWaiting component"],"fullName":"Phase 95 — FreePreviewWaiting component contains NO payment / CTA buttons (no Button import, no /pricing navigation)","status":"passed","title":"contains NO payment / CTA buttons (no Button import, no /pricing navigation)","duration":2.7441999999998643,"failureMessages":[],"meta":{},"tags":[]}],"startTime":1777047142623,"endTime":1777047142876.7441,"status":"failed","message":"","name":"/workspaces/ttml-app/server/phase95-free-preview-waiting.test.ts"},{"assertionResults":[{"ancestorTitles":["Phase 96 — free-preview visibility gate helper"],"fullName":"Phase 96 — free-preview visibility gate helper treats non-free-preview letters as unlocked","status":"passed","title":"treats non-free-preview letters as unlocked","duration":19.339299999999866,"failureMessages":[],"meta":{},"tags":[]},{"ancestorTitles":["Phase 96 — free-preview visibility gate helper"],"fullName":"Phase 96 — free-preview visibility gate helper keeps free-preview locked when unlock timestamp is missing","status":"passed","title":"keeps free-preview locked when unlock timestamp is missing","duration":13.76820100000009,"failureMessages":[],"meta":{},"tags":[]},{"ancestorTitles":["Phase 96 — free-preview visibility gate helper"],"fullName":"Phase 96 — free-preview visibility gate helper keeps free-preview locked when unlock timestamp is invalid","status":"passed","title":"keeps free-preview locked when unlock timestamp is invalid","duration":2.2520999999999276,"failureMessages":[],"meta":{},"tags":[]},{"ancestorTitles":["Phase 96 — free-preview visibility gate helper"],"fullName":"Phase 96 — free-preview visibility gate helper keeps free-preview locked before unlock time","status":"passed","title":"keeps free-preview locked before unlock time","duration":28.521400000000085,"failureMessages":[],"meta":{},"tags":[]},{"ancestorTitles":["Phase 96 — free-preview visibility gate helper"],"fullName":"Phase 96 — free-preview visibility gate helper unlocks free-preview at unlock time and after","status":"passed","title":"unlocks free-preview at unlock time and after","duration":2.001500000000078,"failureMessages":[],"meta":{},"tags":[]},{"ancestorTitles":["Phase 96 — free-preview visibility gate helper"],"fullName":"Phase 96 — free-preview visibility gate helper returns zero remaining seconds for non-free-preview","status":"passed","title":"returns zero remaining seconds for non-free-preview","duration":1.1055999999998676,"failureMessages":[],"meta":{},"tags":[]},{"ancestorTitles":["Phase 96 — free-preview visibility gate helper"],"fullName":"Phase 96 — free-preview visibility gate helper returns default remaining seconds when free-preview unlock is missing or invalid","status":"passed","title":"returns default remaining seconds when free-preview unlock is missing or invalid","duration":14.493101000000024,"failureMessages":[],"meta":{},"tags":[]},{"ancestorTitles":["Phase 96 — free-preview visibility gate helper"],"fullName":"Phase 96 — free-preview visibility gate helper returns ceil seconds for future unlock and zero after unlock","status":"passed","title":"returns ceil seconds for future unlock and zero after unlock","duration":1.401299999999992,"failureMessages":[],"meta":{},"tags":[]}],"startTime":1777047142675,"endTime":1777047142758.4014,"status":"passed","message":"","name":"/workspaces/ttml-app/server/phase96-free-preview-visibility-gate.test.ts"}]}